<?xml version="1.0" encoding="UTF-8"?>
<!-- Generated by org.testng.reporters.JUnitReportReporter -->
<testsuite hostname="DESKTOP-2JH3FP6" failures="0" tests="4" name="testNG.Priority" time="0.089" errors="0" timestamp="2022-11-17T11:46:14 IST" skipped="0">
  <testcase classname="testNG.Priority" name="D" time="0.080"/>
  <system-out>
    <![CDATA[D Method Is Running]]>
  </system-out>
  <testcase classname="testNG.Priority" name="C" time="0.006"/>
  <system-out>
    <![CDATA[C method is running]]>
  </system-out>
  <testcase classname="testNG.Priority" name="B" time="0.001"/>
  <system-out>
    <![CDATA[B method is running]]>
  </system-out>
  <testcase classname="testNG.Priority" name="A" time="0.002"/>
  <system-out>
    <![CDATA[A method is running]]>
  </system-out>
</testsuite> <!-- testNG.Priority -->
