<?xml version="1.0" encoding="UTF-8"?>
<!-- Generated by org.testng.reporters.JUnitReportReporter -->
<testsuite hostname="DESKTOP-2JH3FP6" failures="0" tests="4" name="testNG.Enabled" time="0.022" errors="0" timestamp="2022-11-16T18:21:35 IST" skipped="1">
  <testcase classname="testNG.Enabled" name="C" time="0.003"/>
  <system-out>
    <![CDATA[C method is running]]>
  </system-out>
  <testcase classname="testNG.Enabled" name="D" time="0.002"/>
  <system-out>
    <![CDATA[D method is running]]>
  </system-out>
  <testcase classname="testNG.Enabled" name="A" time="0.017"/>
  <system-out>
    <![CDATA[A method is running]]>
  </system-out>
  <testcase classname="testNG.Enabled" name="B">
    <skipped/>
  </testcase> <!-- B -->
  <system-out/>
</testsuite> <!-- testNG.Enabled -->
