<?xml version="1.0" encoding="UTF-8"?>
<!-- Generated by org.testng.reporters.JUnitReportReporter -->
<testsuite hostname="DESKTOP-2JH3FP6" failures="0" tests="2" name="neoStoxTestclasses.ValidateNeoStoxAccBalance" time="28.178" errors="0" timestamp="2022-11-30T17:14:01 IST" skipped="0">
  <testcase classname="neoStoxTestclasses.ValidateNeoStoxAccBalance" name="validateUserID" time="15.466"/>
  <system-out>
    <![CDATA[waiting for1000ms
getting actual user name
Actual user name is Akshay Nangare
reading data from excel
waiting for1000ms
getting actual user name
Actual user name is Akshay Nangare
waiting for500ms
taking screenshot]]>
  </system-out>
  <testcase classname="neoStoxTestclasses.ValidateNeoStoxAccBalance" name="validateAccBalance" time="12.712"/>
  <system-out>
    <![CDATA[waiting for1000ms
getting accBalance 
Account Balance is Rs.5,00,000.00
waiting for500ms
taking screenshot]]>
  </system-out>
</testsuite> <!-- neoStoxTestclasses.ValidateNeoStoxAccBalance -->
