<?xml version="1.0" encoding="UTF-8"?>
<!-- Generated by org.testng.reporters.JUnitReportReporter -->
<testsuite hostname="DESKTOP-2JH3FP6" failures="0" tests="1" name="verificationUsingTestNG.AssertFalse" time="0.021" errors="0" timestamp="2022-11-20T15:11:51 IST" skipped="0">
  <testcase classname="verificationUsingTestNG.AssertFalse" name="f" time="0.021"/>
  <system-out/>
</testsuite> <!-- verificationUsingTestNG.AssertFalse -->
