<?xml version="1.0" encoding="UTF-8"?>
<!-- Generated by org.testng.reporters.JUnitReportReporter -->
<testsuite hostname="DESKTOP-2JH3FP6" failures="0" tests="2" name="testNGXML.Testing1" time="0.024" errors="0" timestamp="2022-11-22T17:04:40 IST" skipped="0">
  <testcase classname="testNGXML.Testing1" name="A" time="0.020"/>
  <system-out>
    <![CDATA[A method is running]]>
  </system-out>
  <testcase classname="testNGXML.Testing1" name="D" time="0.004"/>
  <system-out>
    <![CDATA[D method is running]]>
  </system-out>
</testsuite> <!-- testNGXML.Testing1 -->
