<?xml version="1.0" encoding="UTF-8"?>
<!-- Generated by org.testng.reporters.JUnitReportReporter -->
<testsuite hostname="DESKTOP-2JH3FP6" failures="0" tests="2" name="testNG.testNGannotations" time="0.021" errors="0" timestamp="2022-11-16T18:12:01 IST" skipped="0">
  <testcase classname="testNG.testNGannotations" name="myTest1" time="0.009"/>
  <system-out>
    <![CDATA[Hi this is MyTest1]]>
  </system-out>
  <testcase classname="testNG.testNGannotations" name="myTest" time="0.012"/>
  <system-out>
    <![CDATA[Hi this is MyTest]]>
  </system-out>
</testsuite> <!-- testNG.testNGannotations -->
