<?xml version="1.0" encoding="UTF-8"?>
<!-- Generated by org.testng.reporters.JUnitReportReporter -->
<testsuite hostname="DESKTOP-2JH3FP6" failures="0" tests="2" name="testNG.NewTest" time="28.710" errors="0" timestamp="2022-11-16T17:47:35 IST" skipped="0">
  <testcase classname="testNG.NewTest" name="zerodhalogin" time="2.733"/>
  <system-out/>
  <testcase classname="testNG.NewTest" name="upstoxlogin" time="25.977"/>
  <system-out/>
</testsuite> <!-- testNG.NewTest -->
