<?xml version="1.0" encoding="UTF-8"?>
<!-- Generated by org.testng.reporters.JUnitReportReporter -->
<testsuite hostname="DESKTOP-2JH3FP6" failures="0" tests="1" name="testNGXML.Serial2" time="3.999" errors="0" timestamp="2022-11-19T16:52:38 IST" skipped="0">
  <testcase classname="testNGXML.Serial2" name="f" time="3.999"/>
  <system-out/>
</testsuite> <!-- testNGXML.Serial2 -->
