<?xml version="1.0" encoding="UTF-8"?>
<!-- Generated by org.testng.reporters.JUnitReportReporter -->
<testsuite hostname="DESKTOP-2JH3FP6" failures="0" tests="6" name="testNG.DependsOn" time="0.149" errors="0" timestamp="2022-11-17T12:11:57 IST" skipped="0">
  <testcase classname="testNG.DependsOn" name="D" time="0.112"/>
  <system-out>
    <![CDATA[D method is running]]>
  </system-out>
  <testcase classname="testNG.DependsOn" name="B" time="0.027"/>
  <system-out>
    <![CDATA[B method is running]]>
  </system-out>
  <testcase classname="testNG.DependsOn" name="C" time="0.002"/>
  <system-out>
    <![CDATA[C method is running]]>
  </system-out>
  <testcase classname="testNG.DependsOn" name="A" time="0.004"/>
  <system-out>
    <![CDATA[A method is running]]>
  </system-out>
  <testcase classname="testNG.DependsOn" name="A" time="0.002"/>
  <system-out>
    <![CDATA[A method is running]]>
  </system-out>
  <testcase classname="testNG.DependsOn" name="A" time="0.002"/>
  <system-out>
    <![CDATA[A method is running]]>
  </system-out>
</testsuite> <!-- testNG.DependsOn -->
