<?xml version="1.0" encoding="UTF-8"?>
<!-- Generated by org.testng.reporters.JUnitReportReporter -->
<testsuite hostname="DESKTOP-2JH3FP6" failures="0" tests="1" name="verificationUsingTestNG.AssertNull" time="0.017" errors="0" timestamp="2022-11-20T12:50:53 IST" skipped="0">
  <testcase classname="verificationUsingTestNG.AssertNull" name="f" time="0.017"/>
  <system-out/>
</testsuite> <!-- verificationUsingTestNG.AssertNull -->
