<?xml version="1.0" encoding="UTF-8"?>
<!-- Generated by org.testng.reporters.JUnitReportReporter -->
<testsuite hostname="DESKTOP-2JH3FP6" failures="0" tests="1" name="verificationUsingTestNG.Testing" time="36.866" errors="0" timestamp="2022-11-20T16:38:29 IST" skipped="0">
  <testcase classname="verificationUsingTestNG.Testing" name="verifycheckox" time="36.866"/>
  <system-out/>
</testsuite> <!-- verificationUsingTestNG.Testing -->
