<?xml version="1.0" encoding="UTF-8"?>
<!-- Generated by org.testng.reporters.JUnitReportReporter -->
<testsuite hostname="DESKTOP-2JH3FP6" failures="0" tests="1" name="testNGXML.Parallel1" time="10.325" errors="0" timestamp="2022-11-19T17:00:41 IST" skipped="0">
  <testcase classname="testNGXML.Parallel1" name="f" time="10.325"/>
  <system-out/>
</testsuite> <!-- testNGXML.Parallel1 -->
