<?xml version="1.0" encoding="UTF-8"?>
<!-- Generated by org.testng.reporters.JUnitReportReporter -->
<testsuite hostname="DESKTOP-2JH3FP6" failures="0" tests="2" name="testNGXML.Testing2" time="0.012" errors="0" timestamp="2022-11-22T17:04:40 IST" skipped="0">
  <testcase classname="testNGXML.Testing2" name="H" time="0.006"/>
  <system-out>
    <![CDATA[H method is running]]>
  </system-out>
  <testcase classname="testNGXML.Testing2" name="F" time="0.006"/>
  <system-out>
    <![CDATA[F method is running]]>
  </system-out>
</testsuite> <!-- testNGXML.Testing2 -->
