<?xml version="1.0" encoding="UTF-8"?>
<!-- Generated by org.testng.reporters.JUnitReportReporter -->
<testsuite hostname="DESKTOP-2JH3FP6" failures="0" tests="2" name="testNGXML.Testing3" time="0.023" errors="0" timestamp="2022-11-19T16:29:45 IST" skipped="0">
  <testcase classname="testNGXML.Testing3" name="E" time="0.017"/>
  <system-out>
    <![CDATA[E method is running]]>
  </system-out>
  <testcase classname="testNGXML.Testing3" name="G" time="0.006"/>
  <system-out>
    <![CDATA[G method is running]]>
  </system-out>
</testsuite> <!-- testNGXML.Testing3 -->
