<?xml version="1.0" encoding="UTF-8"?>
<!-- Generated by org.testng.reporters.JUnitReportReporter -->
<testsuite hostname="DESKTOP-2JH3FP6" failures="0" tests="1" name="testNG.NewTest1" time="5.849" errors="0" timestamp="2022-11-09T17:15:34 IST" skipped="0">
  <testcase classname="testNG.NewTest1" name="f" time="5.849"/>
  <system-out>
    <![CDATA[Hi This Is Normal Reporter
Hi This Is String Reporter]]>
  </system-out>
</testsuite> <!-- testNG.NewTest1 -->
