<?xml version="1.0" encoding="UTF-8"?>
<!-- Generated by org.testng.reporters.JUnitReportReporter -->
<testsuite hostname="DESKTOP-2JH3FP6" failures="0" tests="4" name="testNG.TimeOut" time="0.153" errors="0" timestamp="2022-11-17T11:56:37 IST" skipped="0">
  <testcase classname="testNG.TimeOut" name="A" time="0.024"/>
  <system-out>
    <![CDATA[A method is running]]>
  </system-out>
  <testcase classname="testNG.TimeOut" name="B" time="0.003"/>
  <system-out>
    <![CDATA[B method is running]]>
  </system-out>
  <testcase classname="testNG.TimeOut" name="D" time="0.125"/>
  <system-out>
    <![CDATA[Method D is Running]]>
  </system-out>
  <testcase classname="testNG.TimeOut" name="C" time="0.001"/>
  <system-out>
    <![CDATA[C method is running]]>
  </system-out>
</testsuite> <!-- testNG.TimeOut -->
