<?xml version="1.0" encoding="UTF-8"?>
<!-- Generated by org.testng.reporters.JUnitReportReporter -->
<testsuite hostname="DESKTOP-2JH3FP6" failures="0" tests="5" name="testNG.InvocationCount" time="0.030" errors="0" timestamp="2022-11-16T18:16:50 IST" skipped="0">
  <testcase classname="testNG.InvocationCount" name="InvocationsCount" time="0.002"/>
  <system-out>
    <![CDATA[My Method Is Running]]>
  </system-out>
  <testcase classname="testNG.InvocationCount" name="InvocationsCount" time="0.002"/>
  <system-out>
    <![CDATA[My Method Is Running]]>
  </system-out>
  <testcase classname="testNG.InvocationCount" name="InvocationsCount" time="0.018"/>
  <system-out>
    <![CDATA[My Method Is Running]]>
  </system-out>
  <testcase classname="testNG.InvocationCount" name="InvocationsCount" time="0.006"/>
  <system-out>
    <![CDATA[My Method Is Running]]>
  </system-out>
  <testcase classname="testNG.InvocationCount" name="InvocationsCount" time="0.002"/>
  <system-out>
    <![CDATA[My Method Is Running]]>
  </system-out>
</testsuite> <!-- testNG.InvocationCount -->
