<?xml version="1.0" encoding="UTF-8"?>
<!-- Generated by org.testng.reporters.JUnitReportReporter -->
<testsuite hostname="DESKTOP-2JH3FP6" failures="0" tests="2" name="testNGXML.Testing4" time="0.011" errors="0" timestamp="2022-11-19T16:29:45 IST" skipped="0">
  <testcase classname="testNGXML.Testing4" name="C" time="0.005"/>
  <system-out>
    <![CDATA[C method is running]]>
  </system-out>
  <testcase classname="testNGXML.Testing4" name="A" time="0.006"/>
  <system-out>
    <![CDATA[A method is running]]>
  </system-out>
</testsuite> <!-- testNGXML.Testing4 -->
