<?xml version="1.0" encoding="UTF-8"?>
<!-- Generated by org.testng.reporters.JUnitReportReporter -->
<testsuite hostname="DESKTOP-2JH3FP6" failures="0" tests="1" name="crossbrowsertesting.FireFoxTest" time="24.019" errors="0" timestamp="2022-12-07T16:56:56 IST" skipped="0">
  <testcase classname="crossbrowsertesting.FireFoxTest" name="f" time="24.019"/>
  <system-out/>
</testsuite> <!-- crossbrowsertesting.FireFoxTest -->
