<?xml version="1.0" encoding="UTF-8"?>
<!-- Generated by org.testng.reporters.JUnitReportReporter -->
<testsuite hostname="DESKTOP-2JH3FP6" failures="0" tests="1" name="testNG.ValidateUserID" time="0.015" errors="0" timestamp="2022-11-16T18:06:41 IST" skipped="0">
  <testcase classname="testNG.ValidateUserID" name="validateUpstoxUserID" time="0.015"/>
  <system-out>
    <![CDATA[Reporter ID Validated]]>
  </system-out>
</testsuite> <!-- testNG.ValidateUserID -->
